{
  "RSpec": {
    "coverage": {
      "/app/app/models/cart_item.rb": {
        "lines": [
          null,
          null,
          1,
          1,
          1,
          null,
          1,
          1,
          null,
          1,
          3,
          null,
          null
        ]
      },
      "/app/app/models/application_record.rb": {
        "lines": [
          null,
          null,
          1,
          1,
          null
        ]
      },
      "/app/app/models/cart.rb": {
        "lines": [
          null,
          null,
          1,
          1,
          1,
          null,
          1,
          null,
          1,
          2,
          null,
          null,
          1,
          1,
          null,
          null,
          1,
          0,
          null,
          null
        ]
      },
      "/app/app/models/category.rb": {
        "lines": [
          null,
          null,
          1,
          1,
          null,
          1,
          null,
          1,
          null
        ]
      },
      "/app/app/models/food_item.rb": {
        "lines": [
          null,
          null,
          1,
          1,
          1,
          null,
          1,
          null,
          1,
          1,
          1,
          null,
          1,
          null,
          1,
          7,
          null,
          null
        ]
      },
      "/app/app/models/review.rb": {
        "lines": [
          null,
          null,
          1,
          1,
          1,
          null,
          1,
          1,
          1,
          null,
          1,
          1,
          null,
          1,
          0,
          0,
          null,
          null,
          null,
          1,
          0,
          0,
          null,
          null,
          null,
          1,
          0,
          0,
          null,
          null,
          null,
          1,
          0,
          null,
          null,
          1,
          0,
          null,
          null
        ]
      },
      "/app/app/models/user.rb": {
        "lines": [
          null,
          null,
          1,
          1,
          null,
          1,
          1,
          null,
          15,
          null,
          1,
          1,
          1,
          null,
          1,
          1,
          1,
          null,
          1,
          0,
          0,
          0,
          0,
          0,
          0,
          0,
          null,
          null,
          null
        ]
      },
      "/app/app/models/book_table.rb": {
        "lines": [
          null,
          null,
          1,
          1,
          1,
          null,
          1,
          1,
          1,
          1,
          null,
          1,
          10,
          null,
          null,
          1,
          1,
          null,
          null
        ]
      },
      "/app/app/models/food_upload.rb": {
        "lines": [
          null,
          null,
          1,
          1,
          1,
          null,
          1,
          1,
          null
        ]
      },
      "/app/app/models/menu_upload.rb": {
        "lines": [
          null,
          null,
          1,
          1,
          1,
          null,
          1,
          1,
          null
        ]
      },
      "/app/app/models/order.rb": {
        "lines": [
          null,
          null,
          1,
          1,
          null,
          1,
          null
        ]
      },
      "/app/app/models/promotion.rb": {
        "lines": [
          null,
          null,
          1,
          1,
          1,
          1,
          1,
          1,
          null,
          1,
          10,
          null,
          null,
          1,
          5,
          1,
          4,
          1,
          3,
          1,
          2,
          1,
          null,
          1,
          null,
          null,
          null,
          1,
          3,
          1,
          2,
          1,
          null,
          1,
          null,
          null,
          null
        ]
      },
      "/app/app/models/restaurant.rb": {
        "lines": [
          null,
          null,
          1,
          1,
          1,
          null,
          1,
          1,
          null,
          1,
          1,
          null,
          1,
          null,
          1,
          null,
          1,
          1,
          1,
          1,
          1,
          1,
          null,
          1,
          1,
          1,
          1,
          1,
          null,
          1,
          1,
          null,
          1,
          0,
          0,
          null,
          null,
          null,
          1,
          0,
          0,
          null,
          null,
          null,
          1,
          0,
          0,
          null,
          null,
          null,
          1,
          1,
          1,
          1,
          1,
          1,
          null,
          1,
          1,
          null,
          null,
          null,
          null,
          1,
          89,
          null,
          null,
          null,
          null,
          null,
          null,
          null,
          null,
          1,
          41,
          null,
          null,
          1,
          3,
          2,
          1,
          null,
          1,
          null,
          null,
          null
        ]
      },
      "/app/app/models/restaurant_upload.rb": {
        "lines": [
          null,
          null,
          1,
          1,
          1,
          null,
          1,
          1,
          null
        ]
      }
    },
    "timestamp": 1599643804
  }
}
